Using worker: railshoster.travis-ci.org:worker-4

$ rvm use 1.8.7
[32mUsing /home/vagrant/.rvm/gems/ruby-1.8.7-p334[m(B
$ export BUNDLE_GEMFILE=/tmp/travis/builds/flori/json/Gemfile
$ git clone --depth=1000 --quiet git://github.com/flori/json.git /tmp/travis/builds/flori/json
$ git checkout -qf 738a65c873f7ecc82352fbd516aadfec67063fc8
$ bundle install --binstubs
Fetching source index for http://rubygems.org/
Using rake (0.9.2) 
Installing permutation (0.1.8) 
Installing test-unit (2.3.0) 
Using bundler (1.0.15) 
[32mYour bundle is complete! Use 'bundle show [gemname]' to see where a bundled gem is installed.[0m
$ bundle exec rake test 2>&1
GNU Make 3.81
Copyright (C) 2006  Free Software Foundation, Inc.
This is free software; see the source for copying conditions.
There is NO warranty; not even for MERCHANTABILITY or FITNESS FOR A
PARTICULAR PURPOSE.

This program built for i486-pc-linux-gnu
/home/vagrant/.rvm/rubies/ruby-1.8.7-p334/bin/ruby -S testrb ./tests/test_json.rb ./tests/test_json_generate.rb ./tests/test_json_fixtures.rb ./tests/test_json_encoding.rb ./tests/test_json_unicode.rb ./tests/test_json_addition.rb ./tests/test_json_string_matching.rb
Loaded suite [./tests/test_json.rb, ./tests/test_json_generate.rb, ./tests/test_json_fixtures.rb, ./tests/test_json_encoding.rb, ./tests/test_json_unicode.rb, ./tests/test_json_addition.rb, ./tests/test_json_string_matching.rb]
Started
[42;37;1m.[0m[42;37;1m.[0m[42;37;1m.[0m[42;37;1m.[0m[42;37;1m.[0m[42;37;1m.[0m[42;37;1m.[0m[42;37;1m.[0m[42;37;1m.[0m[42;37;1m.[0m[42;37;1m.[0m[42;37;1m.[0m[42;37;1m.[0m[42;37;1m.[0m[42;37;1m.[0m[42;37;1m.[0m[42;37;1m.[0m[42;37;1m.[0m[42;37;1m.[0m[42;37;1m.[0m[42;37;1m.[0m[42;37;1m.[0m[42;37;1m.[0m[42;37;1m.[0m[42;37;1m.[0m[42;37;1m.[0m[42;37;1m.[0m[42;37;1m.[0m[42;37;1m.[0m[42;37;1m.[0m[42;37;1m.[0m[42;37;1m.[0m[42;37;1m.[0m./lib/json/pure/parser.rb:209: warning: Float 23456789012E666 out of range
[42;37;1m.[0m[42;37;1m.[0m[42;37;1m.[0m[42;37;1m.[0m[42;37;1m.[0m[42;37;1m.[0m[42;37;1m.[0m[42;37;1m.[0m[42;37;1m.[0m[42;37;1m.[0m[42;37;1m.[0m[42;37;1m.[0m[42;37;1m.[0m

Finished in 0.879988 seconds.

[42;37;1m46 tests, 1912 assertions, 0 failures, 0 errors, 0 pendings, 0 omissions, 0 notifications[0m
[42;37;1m100% passed[0m

52.27 tests/s, 2172.76 assertions/s
/home/vagrant/.rvm/rubies/ruby-1.8.7-p334/bin/ruby extconf.rb
checking for re.h... yes
checking for ruby/st.h... no
creating Makefile
make
gcc -I. -I/home/vagrant/.rvm/rubies/ruby-1.8.7-p334/lib/ruby/1.8/i686-linux -I/home/vagrant/.rvm/rubies/ruby-1.8.7-p334/lib/ruby/1.8/i686-linux -I. -DHAVE_RE_H  -D_FILE_OFFSET_BITS=64  -fPIC -g -O3  -fPIC  -Wall  -c parser.c
gcc -shared -o parser.so parser.o -L. -L/home/vagrant/.rvm/rubies/ruby-1.8.7-p334/lib -Wl,-R/home/vagrant/.rvm/rubies/ruby-1.8.7-p334/lib -L.  -rdynamic -Wl,-export-dynamic    -Wl,-R -Wl,/home/vagrant/.rvm/rubies/ruby-1.8.7-p334/lib -L/home/vagrant/.rvm/rubies/ruby-1.8.7-p334/lib -lruby  -lrt -ldl -lcrypt -lm   -lc
/home/vagrant/.rvm/rubies/ruby-1.8.7-p334/bin/ruby extconf.rb
checking for re.h... yes
creating Makefile
make
gcc -I. -I/home/vagrant/.rvm/rubies/ruby-1.8.7-p334/lib/ruby/1.8/i686-linux -I/home/vagrant/.rvm/rubies/ruby-1.8.7-p334/lib/ruby/1.8/i686-linux -I. -DHAVE_RE_H  -D_FILE_OFFSET_BITS=64  -fPIC -g -O3  -fPIC  -Wall  -c generator.c
generator.c:321: warning: ‘fbuffer_free_only_buffer’ defined but not used
gcc -shared -o generator.so generator.o -L. -L/home/vagrant/.rvm/rubies/ruby-1.8.7-p334/lib -Wl,-R/home/vagrant/.rvm/rubies/ruby-1.8.7-p334/lib -L.  -rdynamic -Wl,-export-dynamic    -Wl,-R -Wl,/home/vagrant/.rvm/rubies/ruby-1.8.7-p334/lib -L/home/vagrant/.rvm/rubies/ruby-1.8.7-p334/lib -lruby  -lrt -ldl -lcrypt -lm   -lc
/home/vagrant/.rvm/rubies/ruby-1.8.7-p334/bin/ruby -S testrb ./tests/test_json.rb ./tests/test_json_generate.rb ./tests/test_json_fixtures.rb ./tests/test_json_encoding.rb ./tests/test_json_unicode.rb ./tests/test_json_addition.rb ./tests/test_json_string_matching.rb
Loaded suite [./tests/test_json.rb, ./tests/test_json_generate.rb, ./tests/test_json_fixtures.rb, ./tests/test_json_encoding.rb, ./tests/test_json_unicode.rb, ./tests/test_json_addition.rb, ./tests/test_json_string_matching.rb]
Started
[42;37;1m.[0m[42;37;1m.[0m[42;37;1m.[0m[42;37;1m.[0m[42;37;1m.[0m[42;37;1m.[0m[42;37;1m.[0m[42;37;1m.[0m[42;37;1m.[0m[42;37;1m.[0m[42;37;1m.[0m[42;37;1m.[0m[42;37;1m.[0m[42;37;1m.[0m[42;37;1m.[0m[42;37;1m.[0m[42;37;1m.[0m[42;37;1m.[0m[42;37;1m.[0m[42;37;1m.[0m[42;37;1m.[0m[42;37;1m.[0m[42;37;1m.[0m[42;37;1m.[0m[42;37;1m.[0m[42;37;1m.[0m[42;37;1m.[0m[42;37;1m.[0m[42;37;1m.[0m[42;37;1m.[0m[42;37;1m.[0m[42;37;1m.[0m[42;37;1m.[0m./lib/json/common.rb:148: warning: Float 23456789012E666 out of range
[42;37;1m.[0m[42;37;1m.[0m[42;37;1m.[0m[42;37;1m.[0m[42;37;1m.[0m[42;37;1m.[0m[42;37;1m.[0m[42;37;1m.[0m[42;37;1m.[0m[42;37;1m.[0m[42;37;1m.[0m[42;37;1m.[0m[42;37;1m.[0m

Finished in 0.271941 seconds.

[42;37;1m46 tests, 1912 assertions, 0 failures, 0 errors, 0 pendings, 0 omissions, 0 notifications[0m
[42;37;1m100% passed[0m

169.15 tests/s, 7030.94 assertions/s

Done. Build script exited with: 0

