Using worker: rails.railshoster.de:worker-3

$ rvm use 1.8.7
[32mUsing /home/vagrant/.rvm/gems/ruby-1.8.7-p352[m(B
$ export GEM=ar:mysql2
$ git clone --depth=1000 --quiet git://github.com/svenfuchs/rails.git ~/builds/svenfuchs/rails
$ git checkout -qf 12a059fc32590e171bf1f7b3c52286a146e0ac4b
$ bundle install --path vendor/bundle
Fetching source index for http://rubygems.org/
Installing rake (0.9.2) 
Installing RedCloth (4.2.7) with native extensions 
Installing i18n (0.6.0) 
Installing multi_json (1.0.3) 
Using activesupport (3.2.0.beta) from source at /home/vagrant/builds/svenfuchs/rails 
Installing bcrypt-ruby (2.1.4) with native extensions 
Installing builder (3.0.0) 
Using activemodel (3.2.0.beta) from source at /home/vagrant/builds/svenfuchs/rails 
Installing erubis (2.7.0) 
Installing rack (1.3.0) 
Installing rack-cache (1.0.2) 
Installing rack-mount (0.8.1) 
Installing rack-test (0.6.0) 
Installing hike (1.1.0) 
Installing tilt (1.3.2) 
Installing sprockets (2.0.0.beta.10) 
Installing tzinfo (0.3.29) 
Using actionpack (3.2.0.beta) from source at /home/vagrant/builds/svenfuchs/rails 
Installing mime-types (1.16) 
Installing polyglot (0.3.1) 
Installing treetop (1.4.9) 
Installing mail (2.3.0) 
Using actionmailer (3.2.0.beta) from source at /home/vagrant/builds/svenfuchs/rails 
Installing arel (2.1.3) 
Using activerecord (3.2.0.beta) from source at /home/vagrant/builds/svenfuchs/rails 
Using activeresource (3.2.0.beta) from source at /home/vagrant/builds/svenfuchs/rails 
Using bundler (1.0.15) 
Installing coffee-script-source (1.1.1) 
Installing execjs (1.2.0) 
Installing coffee-script (2.2.0) 
Installing columnize (0.3.4) 
Installing rdoc (3.8) 
Installing horo (1.0.3) 
Installing rack-ssl (1.3.2) 
Installing thor (0.14.6) 
Using railties (3.2.0.beta) from source at /home/vagrant/builds/svenfuchs/rails 
Installing jquery-rails (1.0.12) 
Installing json (1.5.3) with native extensions 
Installing rbx-require-relative (0.0.5) 
Installing linecache (0.46) with native extensions 
Installing memcache-client (1.8.5) 
Installing mocha (0.9.12) 
Installing mysql (2.8.1) with native extensions 
Installing mysql2 (0.3.6) with native extensions 
Installing nokogiri (1.5.0) with native extensions 
Using rails (3.2.0.beta) from source at /home/vagrant/builds/svenfuchs/rails 
Installing ruby-debug-base (0.10.4) with native extensions 
Installing ruby-debug (0.10.4) 
Installing ruby-prof (0.10.8) with native extensions 
Installing sass (3.1.4) 
Installing sqlite3 (1.3.3) with native extensions 
Installing system_timer (1.2.4) with native extensions 
Installing uglifier (1.0.0) 
Installing w3c_validators (1.1.1) 
Installing yajl-ruby (0.8.2) with native extensions 
[32mYour bundle is complete! It was installed into ./vendor/bundle[0m
$ ci/travis/ci.rb

[1;33m[Travis CI] activerecord with mysql2 IM disabled[m
Running command: bundle exec rake mysql:rebuild_databases
Running command: bundle exec rake mysql2:test
/home/vagrant/.rvm/rubies/ruby-1.8.7-p352/bin/ruby -w -I"lib:test" -I"/home/vagrant/builds/svenfuchs/rails/vendor/bundle/ruby/1.8/gems/rake-0.9.2/lib" "/home/vagrant/builds/svenfuchs/rails/vendor/bundle/ruby/1.8/gems/rake-0.9.2/lib/rake/rake_test_loader.rb" "test/cases/adapter_test.rb" "test/cases/adapters/mysql2/active_schema_test.rb" "test/cases/adapters/mysql2/bind_parameter_test.rb" "test/cases/adapters/mysql2/connection_test.rb" "test/cases/adapters/mysql2/reserved_word_test.rb" "test/cases/adapters/mysql2/schema_test.rb" "test/cases/aggregations_test.rb" "test/cases/ar_schema_test.rb" "test/cases/associations/belongs_to_associations_test.rb" "test/cases/associations/callbacks_test.rb" "test/cases/associations/cascaded_eager_loading_test.rb" "test/cases/associations/eager_load_includes_full_sti_class_test.rb" "test/cases/associations/eager_load_nested_include_test.rb" "test/cases/associations/eager_singularization_test.rb" "test/cases/associations/eager_test.rb" "test/cases/associations/extension_test.rb" "test/cases/associations/habtm_join_table_test.rb" "test/cases/associations/has_and_belongs_to_many_associations_test.rb" "test/cases/associations/has_many_associations_test.rb" "test/cases/associations/has_many_through_associations_test.rb" "test/cases/associations/has_one_associations_test.rb" "test/cases/associations/has_one_through_associations_test.rb" "test/cases/associations/identity_map_test.rb" "test/cases/associations/inner_join_association_test.rb" "test/cases/associations/inverse_associations_test.rb" "test/cases/associations/join_model_test.rb" "test/cases/associations/nested_through_associations_test.rb" "test/cases/associations_test.rb" "test/cases/attribute_methods/read_test.rb" "test/cases/attribute_methods_test.rb" "test/cases/autosave_association_test.rb" "test/cases/base_test.rb" "test/cases/batches_test.rb" "test/cases/binary_test.rb" "test/cases/bind_parameter_test.rb" "test/cases/calculations_test.rb" "test/cases/callbacks_test.rb" "test/cases/clone_test.rb" "test/cases/coders/yaml_column_test.rb" "test/cases/column_alias_test.rb" "test/cases/column_definition_test.rb" "test/cases/connection_adapters/connection_handler_test.rb" "test/cases/connection_management_test.rb" "test/cases/connection_pool_test.rb" "test/cases/counter_cache_test.rb" "test/cases/custom_locking_test.rb" "test/cases/database_statements_test.rb" "test/cases/date_time_test.rb" "test/cases/defaults_test.rb" "test/cases/deprecated_finder_test.rb" "test/cases/dirty_test.rb" "test/cases/dup_test.rb" "test/cases/dynamic_finder_match_test.rb" "test/cases/finder_respond_to_test.rb" "test/cases/finder_test.rb" "test/cases/fixtures/file_test.rb" "test/cases/fixtures_test.rb" "test/cases/habtm_destroy_order_test.rb" "test/cases/i18n_test.rb" "test/cases/identity_map/middleware_test.rb" "test/cases/identity_map_test.rb" "test/cases/inheritance_test.rb" "test/cases/invalid_date_test.rb" "test/cases/invertible_migration_test.rb" "test/cases/json_serialization_test.rb" "test/cases/lifecycle_test.rb" "test/cases/locking_test.rb" "test/cases/log_subscriber_test.rb" "test/cases/mass_assignment_security_test.rb" "test/cases/method_scoping_test.rb" "test/cases/migration/command_recorder_test.rb" "test/cases/migration_test.rb" "test/cases/mixin_test.rb" "test/cases/modules_test.rb" "test/cases/multiple_db_test.rb" "test/cases/named_scope_test.rb" "test/cases/nested_attributes_test.rb" "test/cases/persistence_test.rb" "test/cases/pooled_connections_test.rb" "test/cases/primary_keys_test.rb" "test/cases/query_cache_test.rb" "test/cases/quoting_test.rb" "test/cases/readonly_test.rb" "test/cases/reflection_test.rb" "test/cases/relation_scoping_test.rb" "test/cases/relation_test.rb" "test/cases/relations_test.rb" "test/cases/reload_models_test.rb" "test/cases/sanitize_test.rb" "test/cases/schema_dumper_test.rb" "test/cases/serialization_test.rb" "test/cases/session_store/session_test.rb" "test/cases/timestamp_test.rb" "test/cases/transaction_callbacks_test.rb" "test/cases/transactions_test.rb" "test/cases/unconnected_test.rb" "test/cases/validations/association_validation_test.rb" "test/cases/validations/i18n_generate_message_validation_test.rb" "test/cases/validations/i18n_validation_test.rb" "test/cases/validations/uniqueness_validation_test.rb" "test/cases/validations_test.rb" "test/cases/xml_serialization_test.rb" "test/cases/yaml_serialization_test.rb" 
Using mysql2 with Identity Map off
Loaded suite /home/vagrant/builds/svenfuchs/rails/vendor/bundle/ruby/1.8/gems/rake-0.9.2/lib/rake/rake_test_loader
Started
............................................................................................................................................................................................................................................................................................................................................................................./home/vagrant/builds/svenfuchs/rails/activerecord/lib/active_record/base.rb:1867: warning: instance variable @attributes not initialized
/home/vagrant/builds/svenfuchs/rails/activerecord/lib/active_record/base.rb:1867: warning: instance variable @attributes not initialized
..................................................................................................................................................../home/vagrant/builds/svenfuchs/rails/activesupport/lib/active_support/core_ext/time/calculations.rb:25: warning: 2 digits year is used
./home/vagrant/builds/svenfuchs/rails/activesupport/lib/active_support/core_ext/time/calculations.rb:25: warning: 2 digits year is used
......../home/vagrant/builds/svenfuchs/rails/activesupport/lib/active_support/core_ext/time/calculations.rb:25: warning: 2 digits year is used
................................................................................................................................................................................................................................................................................................................................................................/home/vagrant/builds/svenfuchs/rails/activerecord/lib/active_record/attribute_methods/write.rb:14: warning: method redefined; discarding old name=
/home/vagrant/builds/svenfuchs/rails/activerecord/lib/active_record/attribute_methods/read.rb:87: warning: discarding old name
........................................................................................................................................................................................................................................................................................................................................................................................................................................................................................................................................................................................................................................................................................................................................................................................................................................................................................................................................................../home/vagrant/builds/svenfuchs/rails/activerecord/test/migrations/interleaved/pass_3/3_interleaved_innocent_jointable.rb:2: warning: redefine up
/home/vagrant/builds/svenfuchs/rails/activerecord/test/migrations/interleaved/pass_3/3_interleaved_innocent_jointable.rb:9: warning: redefine down
/home/vagrant/builds/svenfuchs/rails/activerecord/test/migrations/interleaved/pass_3/1_interleaved_people_have_last_names.rb:2: warning: redefine up
/home/vagrant/builds/svenfuchs/rails/activerecord/test/migrations/interleaved/pass_3/1_interleaved_people_have_last_names.rb:6: warning: redefine down
..............................................................................................................................................................................................................................................................................................................................................................................................................................................................................................................................................................................................................................................................................................................................................................................................................................................................................................................................................................................................................................................................................................................................................................................................................................................................................................
Finished in 120.777161 seconds.

3042 tests, 9152 assertions, 0 failures, 0 errors

[1;33m[Travis CI] activerecord with mysql2 IM enabled[m
Running command: bundle exec rake mysql:rebuild_databases
Running command: bundle exec rake mysql2:test
/home/vagrant/.rvm/rubies/ruby-1.8.7-p352/bin/ruby -w -I"lib:test" -I"/home/vagrant/builds/svenfuchs/rails/vendor/bundle/ruby/1.8/gems/rake-0.9.2/lib" "/home/vagrant/builds/svenfuchs/rails/vendor/bundle/ruby/1.8/gems/rake-0.9.2/lib/rake/rake_test_loader.rb" "test/cases/adapter_test.rb" "test/cases/adapters/mysql2/active_schema_test.rb" "test/cases/adapters/mysql2/bind_parameter_test.rb" "test/cases/adapters/mysql2/connection_test.rb" "test/cases/adapters/mysql2/reserved_word_test.rb" "test/cases/adapters/mysql2/schema_test.rb" "test/cases/aggregations_test.rb" "test/cases/ar_schema_test.rb" "test/cases/associations/belongs_to_associations_test.rb" "test/cases/associations/callbacks_test.rb" "test/cases/associations/cascaded_eager_loading_test.rb" "test/cases/associations/eager_load_includes_full_sti_class_test.rb" "test/cases/associations/eager_load_nested_include_test.rb" "test/cases/associations/eager_singularization_test.rb" "test/cases/associations/eager_test.rb" "test/cases/associations/extension_test.rb" "test/cases/associations/habtm_join_table_test.rb" "test/cases/associations/has_and_belongs_to_many_associations_test.rb" "test/cases/associations/has_many_associations_test.rb" "test/cases/associations/has_many_through_associations_test.rb" "test/cases/associations/has_one_associations_test.rb" "test/cases/associations/has_one_through_associations_test.rb" "test/cases/associations/identity_map_test.rb" "test/cases/associations/inner_join_association_test.rb" "test/cases/associations/inverse_associations_test.rb" "test/cases/associations/join_model_test.rb" "test/cases/associations/nested_through_associations_test.rb" "test/cases/associations_test.rb" "test/cases/attribute_methods/read_test.rb" "test/cases/attribute_methods_test.rb" "test/cases/autosave_association_test.rb" "test/cases/base_test.rb" "test/cases/batches_test.rb" "test/cases/binary_test.rb" "test/cases/bind_parameter_test.rb" "test/cases/calculations_test.rb" "test/cases/callbacks_test.rb" "test/cases/clone_test.rb" "test/cases/coders/yaml_column_test.rb" "test/cases/column_alias_test.rb" "test/cases/column_definition_test.rb" "test/cases/connection_adapters/connection_handler_test.rb" "test/cases/connection_management_test.rb" "test/cases/connection_pool_test.rb" "test/cases/counter_cache_test.rb" "test/cases/custom_locking_test.rb" "test/cases/database_statements_test.rb" "test/cases/date_time_test.rb" "test/cases/defaults_test.rb" "test/cases/deprecated_finder_test.rb" "test/cases/dirty_test.rb" "test/cases/dup_test.rb" "test/cases/dynamic_finder_match_test.rb" "test/cases/finder_respond_to_test.rb" "test/cases/finder_test.rb" "test/cases/fixtures/file_test.rb" "test/cases/fixtures_test.rb" "test/cases/habtm_destroy_order_test.rb" "test/cases/i18n_test.rb" "test/cases/identity_map/middleware_test.rb" "test/cases/identity_map_test.rb" "test/cases/inheritance_test.rb" "test/cases/invalid_date_test.rb" "test/cases/invertible_migration_test.rb" "test/cases/json_serialization_test.rb" "test/cases/lifecycle_test.rb" "test/cases/locking_test.rb" "test/cases/log_subscriber_test.rb" "test/cases/mass_assignment_security_test.rb" "test/cases/method_scoping_test.rb" "test/cases/migration/command_recorder_test.rb" "test/cases/migration_test.rb" "test/cases/mixin_test.rb" "test/cases/modules_test.rb" "test/cases/multiple_db_test.rb" "test/cases/named_scope_test.rb" "test/cases/nested_attributes_test.rb" "test/cases/persistence_test.rb" "test/cases/pooled_connections_test.rb" "test/cases/primary_keys_test.rb" "test/cases/query_cache_test.rb" "test/cases/quoting_test.rb" "test/cases/readonly_test.rb" "test/cases/reflection_test.rb" "test/cases/relation_scoping_test.rb" "test/cases/relation_test.rb" "test/cases/relations_test.rb" "test/cases/reload_models_test.rb" "test/cases/sanitize_test.rb" "test/cases/schema_dumper_test.rb" "test/cases/serialization_test.rb" "test/cases/session_store/session_test.rb" "test/cases/timestamp_test.rb" "test/cases/transaction_callbacks_test.rb" "test/cases/transactions_test.rb" "test/cases/unconnected_test.rb" "test/cases/validations/association_validation_test.rb" "test/cases/validations/i18n_generate_message_validation_test.rb" "test/cases/validations/i18n_validation_test.rb" "test/cases/validations/uniqueness_validation_test.rb" "test/cases/validations_test.rb" "test/cases/xml_serialization_test.rb" "test/cases/yaml_serialization_test.rb" 
Using mysql2 with Identity Map on
Loaded suite /home/vagrant/builds/svenfuchs/rails/vendor/bundle/ruby/1.8/gems/rake-0.9.2/lib/rake/rake_test_loader
Started
............................................................................................................................................................................................................................................................................................................................................................................./home/vagrant/builds/svenfuchs/rails/activerecord/lib/active_record/base.rb:1867: warning: instance variable @attributes not initialized
/home/vagrant/builds/svenfuchs/rails/activerecord/lib/active_record/base.rb:1867: warning: instance variable @attributes not initialized
..................................................................................................................................................../home/vagrant/builds/svenfuchs/rails/activesupport/lib/active_support/core_ext/time/calculations.rb:25: warning: 2 digits year is used
./home/vagrant/builds/svenfuchs/rails/activesupport/lib/active_support/core_ext/time/calculations.rb:25: warning: 2 digits year is used
......../home/vagrant/builds/svenfuchs/rails/activesupport/lib/active_support/core_ext/time/calculations.rb:25: warning: 2 digits year is used
................................................................................................................................................................................................................................................................................................................................................................/home/vagrant/builds/svenfuchs/rails/activerecord/lib/active_record/attribute_methods/write.rb:14: warning: method redefined; discarding old name=
/home/vagrant/builds/svenfuchs/rails/activerecord/lib/active_record/attribute_methods/read.rb:87: warning: discarding old name
.........................................................................................................................................................................................................................................................................................................................................................................................................................................................................................................................................................................................................................................................................................................................................................................................................................................................................................................................................................................................../home/vagrant/builds/svenfuchs/rails/activerecord/test/migrations/interleaved/pass_3/3_interleaved_innocent_jointable.rb:2: warning: redefine up
/home/vagrant/builds/svenfuchs/rails/activerecord/test/migrations/interleaved/pass_3/3_interleaved_innocent_jointable.rb:9: warning: redefine down
/home/vagrant/builds/svenfuchs/rails/activerecord/test/migrations/interleaved/pass_3/1_interleaved_people_have_last_names.rb:2: warning: redefine up
/home/vagrant/builds/svenfuchs/rails/activerecord/test/migrations/interleaved/pass_3/1_interleaved_people_have_last_names.rb:6: warning: redefine down
........................................................................................................................................................................................................................................................................................................................................................................................................................................................................................................................................................................................................................................................................................................................................................................................................................................................................................................................................................................................................................................................................................................................................................................................................................................................................................................
Finished in 108.956098 seconds.

3085 tests, 9335 assertions, 0 failures, 0 errors

[1;33m[Travis CI] activerecord with mysql2 IM disabled in isolation[m
Running command: bundle exec rake mysql:rebuild_databases
Running command: bundle exec rake mysql2:isolated_test
["mysql2", "mysql2"]
/home/vagrant/.rvm/rubies/ruby-1.8.7-p352/bin/ruby -Itest test/cases/yaml_serialization_test.rb
Using mysql2 with Identity Map off
Loaded suite test/cases/yaml_serialization_test
Started
...
Finished in 0.32096 seconds.

3 tests, 4 assertions, 0 failures, 0 errors
/home/vagrant/.rvm/rubies/ruby-1.8.7-p352/bin/ruby -Itest test/cases/xml_serialization_test.rb
Using mysql2 with Identity Map off
Loaded suite test/cases/xml_serialization_test
Started
...................................
Finished in 1.093544 seconds.

35 tests, 71 assertions, 0 failures, 0 errors
/home/vagrant/.rvm/rubies/ruby-1.8.7-p352/bin/ruby -Itest test/cases/validations_test.rb
Using mysql2 with Identity Map off
Loaded suite test/cases/validations_test
Started
...............
Finished in 0.333748 seconds.

15 tests, 33 assertions, 0 failures, 0 errors
/home/vagrant/.rvm/rubies/ruby-1.8.7-p352/bin/ruby -Itest test/cases/validations/uniqueness_validation_test.rb
Using mysql2 with Identity Map off
Loaded suite test/cases/validations/uniqueness_validation_test
Started
.................
Finished in 0.906413 seconds.

17 tests, 82 assertions, 0 failures, 0 errors
/home/vagrant/.rvm/rubies/ruby-1.8.7-p352/bin/ruby -Itest test/cases/validations/i18n_validation_test.rb
Using mysql2 with Identity Map off
Loaded suite test/cases/validations/i18n_validation_test
Started
............
Finished in 0.411264 seconds.

12 tests, 12 assertions, 0 failures, 0 errors
/home/vagrant/.rvm/rubies/ruby-1.8.7-p352/bin/ruby -Itest test/cases/validations/i18n_generate_message_validation_test.rb
Using mysql2 with Identity Map off
Loaded suite test/cases/validations/i18n_generate_message_validation_test
Started
.....
Finished in 0.067857 seconds.

5 tests, 5 assertions, 0 failures, 0 errors
/home/vagrant/.rvm/rubies/ruby-1.8.7-p352/bin/ruby -Itest test/cases/validations/association_validation_test.rb
Using mysql2 with Identity Map off
Loaded suite test/cases/validations/association_validation_test
Started
.........
Finished in 0.26661 seconds.

9 tests, 31 assertions, 0 failures, 0 errors
/home/vagrant/.rvm/rubies/ruby-1.8.7-p352/bin/ruby -Itest test/cases/unconnected_test.rb
Using mysql2 with Identity Map off
Loaded suite test/cases/unconnected_test
Started
..
Finished in 0.027442 seconds.

2 tests, 3 assertions, 0 failures, 0 errors
/home/vagrant/.rvm/rubies/ruby-1.8.7-p352/bin/ruby -Itest test/cases/transactions_test.rb
Using mysql2 with Identity Map off
Loaded suite test/cases/transactions_test
Started
.......................
Finished in 1.658613 seconds.

23 tests, 79 assertions, 0 failures, 0 errors
/home/vagrant/.rvm/rubies/ruby-1.8.7-p352/bin/ruby -Itest test/cases/transaction_callbacks_test.rb
Using mysql2 with Identity Map off
Loaded suite test/cases/transaction_callbacks_test
Started
..............
Finished in 0.364934 seconds.

14 tests, 23 assertions, 0 failures, 0 errors
/home/vagrant/.rvm/rubies/ruby-1.8.7-p352/bin/ruby -Itest test/cases/timestamp_test.rb
Using mysql2 with Identity Map off
Loaded suite test/cases/timestamp_test
Started
...................
Finished in 0.269934 seconds.

19 tests, 28 assertions, 0 failures, 0 errors
/home/vagrant/.rvm/rubies/ruby-1.8.7-p352/bin/ruby -Itest test/cases/session_store/session_test.rb
Using mysql2 with Identity Map off
Loaded suite test/cases/session_store/session_test
Started
.......
Finished in 0.384879 seconds.

7 tests, 14 assertions, 0 failures, 0 errors
/home/vagrant/.rvm/rubies/ruby-1.8.7-p352/bin/ruby -Itest test/cases/serialization_test.rb
Using mysql2 with Identity Map off
Loaded suite test/cases/serialization_test
Started
.................
Finished in 0.441656 seconds.

17 tests, 63 assertions, 0 failures, 0 errors
/home/vagrant/.rvm/rubies/ruby-1.8.7-p352/bin/ruby -Itest test/cases/schema_dumper_test.rb
Using mysql2 with Identity Map off
Loaded suite test/cases/schema_dumper_test
Started
..................
Finished in 2.525189 seconds.

18 tests, 525 assertions, 0 failures, 0 errors
/home/vagrant/.rvm/rubies/ruby-1.8.7-p352/bin/ruby -Itest test/cases/sanitize_test.rb
Using mysql2 with Identity Map off
Loaded suite test/cases/sanitize_test
Started
..
Finished in 0.004309 seconds.

2 tests, 8 assertions, 0 failures, 0 errors
/home/vagrant/.rvm/rubies/ruby-1.8.7-p352/bin/ruby -Itest test/cases/reload_models_test.rb
Using mysql2 with Identity Map off
Loaded suite test/cases/reload_models_test
Started
.
Finished in 0.042697 seconds.

1 tests, 1 assertions, 0 failures, 0 errors
/home/vagrant/.rvm/rubies/ruby-1.8.7-p352/bin/ruby -Itest test/cases/relations_test.rb
Using mysql2 with Identity Map off
Loaded suite test/cases/relations_test
Started
..............................................................................................................
Finished in 0.981192 seconds.

110 tests, 314 assertions, 0 failures, 0 errors
/home/vagrant/.rvm/rubies/ruby-1.8.7-p352/bin/ruby -Itest test/cases/relation_test.rb
Using mysql2 with Identity Map off
Loaded suite test/cases/relation_test
Started
...................
Finished in 0.101562 seconds.

19 tests, 39 assertions, 0 failures, 0 errors
/home/vagrant/.rvm/rubies/ruby-1.8.7-p352/bin/ruby -Itest test/cases/relation_scoping_test.rb
Using mysql2 with Identity Map off
Loaded suite test/cases/relation_scoping_test
Started
........................................................................
Finished in 0.932288 seconds.

72 tests, 120 assertions, 0 failures, 0 errors
/home/vagrant/.rvm/rubies/ruby-1.8.7-p352/bin/ruby -Itest test/cases/reflection_test.rb
Using mysql2 with Identity Map off
Loaded suite test/cases/reflection_test
Started
...............................
Finished in 0.370031 seconds.

31 tests, 102 assertions, 0 failures, 0 errors
/home/vagrant/.rvm/rubies/ruby-1.8.7-p352/bin/ruby -Itest test/cases/readonly_test.rb
Using mysql2 with Identity Map off
Loaded suite test/cases/readonly_test
Started
..........
Finished in 0.368883 seconds.

10 tests, 140 assertions, 0 failures, 0 errors
/home/vagrant/.rvm/rubies/ruby-1.8.7-p352/bin/ruby -Itest test/cases/quoting_test.rb
Using mysql2 with Identity Map off
Loaded suite test/cases/quoting_test
Started
................................
Finished in 0.085672 seconds.

32 tests, 52 assertions, 0 failures, 0 errors
/home/vagrant/.rvm/rubies/ruby-1.8.7-p352/bin/ruby -Itest test/cases/query_cache_test.rb
Using mysql2 with Identity Map off
Loaded suite test/cases/query_cache_test
Started
....................
Finished in 0.365234 seconds.

20 tests, 33 assertions, 0 failures, 0 errors
/home/vagrant/.rvm/rubies/ruby-1.8.7-p352/bin/ruby -Itest test/cases/primary_keys_test.rb
Using mysql2 with Identity Map off
Loaded suite test/cases/primary_keys_test
Started
....................
Finished in 0.31248 seconds.

20 tests, 39 assertions, 0 failures, 0 errors
/home/vagrant/.rvm/rubies/ruby-1.8.7-p352/bin/ruby -Itest test/cases/pooled_connections_test.rb
Using mysql2 with Identity Map off
Loaded suite test/cases/pooled_connections_test
Started
.........
Finished in 1.368938 seconds.

9 tests, 15 assertions, 0 failures, 0 errors
/home/vagrant/.rvm/rubies/ruby-1.8.7-p352/bin/ruby -Itest test/cases/persistence_test.rb
Using mysql2 with Identity Map off
Loaded suite test/cases/persistence_test
Started
..............................................................
Finished in 1.735307 seconds.

62 tests, 165 assertions, 0 failures, 0 errors
/home/vagrant/.rvm/rubies/ruby-1.8.7-p352/bin/ruby -Itest test/cases/nested_attributes_test.rb
Using mysql2 with Identity Map off
Loaded suite test/cases/nested_attributes_test
Started
..................................................................................................................................
Finished in 5.897776 seconds.

130 tests, 239 assertions, 0 failures, 0 errors
/home/vagrant/.rvm/rubies/ruby-1.8.7-p352/bin/ruby -Itest test/cases/named_scope_test.rb
Using mysql2 with Identity Map off
Loaded suite test/cases/named_scope_test
Started
..................................................................
Finished in 0.536083 seconds.

66 tests, 147 assertions, 0 failures, 0 errors
/home/vagrant/.rvm/rubies/ruby-1.8.7-p352/bin/ruby -Itest test/cases/multiple_db_test.rb
Using mysql2 with Identity Map off
Loaded suite test/cases/multiple_db_test
Started
.......
Finished in 0.254704 seconds.

7 tests, 23 assertions, 0 failures, 0 errors
/home/vagrant/.rvm/rubies/ruby-1.8.7-p352/bin/ruby -Itest test/cases/modules_test.rb
Using mysql2 with Identity Map off
Loaded suite test/cases/modules_test
Started
............
Finished in 0.383594 seconds.

12 tests, 30 assertions, 0 failures, 0 errors
/home/vagrant/.rvm/rubies/ruby-1.8.7-p352/bin/ruby -Itest test/cases/mixin_test.rb
Using mysql2 with Identity Map off
Loaded suite test/cases/mixin_test
Started
.....
Finished in 0.142395 seconds.

5 tests, 16 assertions, 0 failures, 0 errors
/home/vagrant/.rvm/rubies/ruby-1.8.7-p352/bin/ruby -Itest test/cases/migration_test.rb
Using mysql2 with Identity Map off
Loaded suite test/cases/migration_test
Started
......................................................................................................................................
Finished in 31.204774 seconds.

134 tests, 383 assertions, 0 failures, 0 errors
/home/vagrant/.rvm/rubies/ruby-1.8.7-p352/bin/ruby -Itest test/cases/migration/command_recorder_test.rb
Using mysql2 with Identity Map off
Loaded suite test/cases/migration/command_recorder_test
Started
..................
Finished in 0.028711 seconds.

18 tests, 20 assertions, 0 failures, 0 errors
/home/vagrant/.rvm/rubies/ruby-1.8.7-p352/bin/ruby -Itest test/cases/method_scoping_test.rb
Using mysql2 with Identity Map off
Loaded suite test/cases/method_scoping_test
Started
......................................................
Finished in 0.579629 seconds.

54 tests, 133 assertions, 0 failures, 0 errors
/home/vagrant/.rvm/rubies/ruby-1.8.7-p352/bin/ruby -Itest test/cases/mass_assignment_security_test.rb
Using mysql2 with Identity Map off
Loaded suite test/cases/mass_assignment_security_test
Started
.............................................................................................................................
Finished in 3.027588 seconds.

125 tests, 525 assertions, 0 failures, 0 errors
/home/vagrant/.rvm/rubies/ruby-1.8.7-p352/bin/ruby -Itest test/cases/log_subscriber_test.rb
Using mysql2 with Identity Map off
Loaded suite test/cases/log_subscriber_test
Started
.......
Finished in 0.052683 seconds.

7 tests, 14 assertions, 0 failures, 0 errors
/home/vagrant/.rvm/rubies/ruby-1.8.7-p352/bin/ruby -Itest test/cases/locking_test.rb
Using mysql2 with Identity Map off
Loaded suite test/cases/locking_test
Started
..........................
Finished in 1.492175 seconds.

26 tests, 92 assertions, 0 failures, 0 errors
/home/vagrant/.rvm/rubies/ruby-1.8.7-p352/bin/ruby -Itest test/cases/lifecycle_test.rb
Using mysql2 with Identity Map off
Loaded suite test/cases/lifecycle_test
Started
..............
Finished in 0.278971 seconds.

14 tests, 23 assertions, 0 failures, 0 errors
/home/vagrant/.rvm/rubies/ruby-1.8.7-p352/bin/ruby -Itest test/cases/json_serialization_test.rb
Using mysql2 with Identity Map off
Loaded suite test/cases/json_serialization_test
Started
..................
Finished in 0.371007 seconds.

18 tests, 69 assertions, 0 failures, 0 errors
/home/vagrant/.rvm/rubies/ruby-1.8.7-p352/bin/ruby -Itest test/cases/invertible_migration_test.rb
Using mysql2 with Identity Map off
Loaded suite test/cases/invertible_migration_test
Started
...
Finished in 0.211984 seconds.

3 tests, 3 assertions, 0 failures, 0 errors
/home/vagrant/.rvm/rubies/ruby-1.8.7-p352/bin/ruby -Itest test/cases/invalid_date_test.rb
Using mysql2 with Identity Map off
Loaded suite test/cases/invalid_date_test
Started
.
Finished in 0.041428 seconds.

1 tests, 6 assertions, 0 failures, 0 errors
/home/vagrant/.rvm/rubies/ruby-1.8.7-p352/bin/ruby -Itest test/cases/inheritance_test.rb
Using mysql2 with Identity Map off
Loaded suite test/cases/inheritance_test
Started
................................
Finished in 1.125814 seconds.

32 tests, 71 assertions, 0 failures, 0 errors
/home/vagrant/.rvm/rubies/ruby-1.8.7-p352/bin/ruby -Itest test/cases/identity_map_test.rb
Using mysql2 with Identity Map off
Loaded suite test/cases/identity_map_test
Started

Finished in 0.000144 seconds.

0 tests, 0 assertions, 0 failures, 0 errors
/home/vagrant/.rvm/rubies/ruby-1.8.7-p352/bin/ruby -Itest test/cases/identity_map/middleware_test.rb
Using mysql2 with Identity Map off
Loaded suite test/cases/identity_map/middleware_test
Started
.....
Finished in 0.007243 seconds.

5 tests, 8 assertions, 0 failures, 0 errors
/home/vagrant/.rvm/rubies/ruby-1.8.7-p352/bin/ruby -Itest test/cases/i18n_test.rb
Using mysql2 with Identity Map off
Loaded suite test/cases/i18n_test
Started
.......
Finished in 0.023069 seconds.

7 tests, 7 assertions, 0 failures, 0 errors
/home/vagrant/.rvm/rubies/ruby-1.8.7-p352/bin/ruby -Itest test/cases/habtm_destroy_order_test.rb
Using mysql2 with Identity Map off
Loaded suite test/cases/habtm_destroy_order_test
Started
...
Finished in 0.082949 seconds.

3 tests, 5 assertions, 0 failures, 0 errors
/home/vagrant/.rvm/rubies/ruby-1.8.7-p352/bin/ruby -Itest test/cases/fixtures_test.rb
Using mysql2 with Identity Map off
Loaded suite test/cases/fixtures_test
Started
...........................................................................
Finished in 3.445628 seconds.

75 tests, 384 assertions, 0 failures, 0 errors
/home/vagrant/.rvm/rubies/ruby-1.8.7-p352/bin/ruby -Itest test/cases/fixtures/file_test.rb
Using mysql2 with Identity Map off
Loaded suite test/cases/fixtures/file_test
Started
........
Finished in 0.016945 seconds.

8 tests, 9 assertions, 0 failures, 0 errors
/home/vagrant/.rvm/rubies/ruby-1.8.7-p352/bin/ruby -Itest test/cases/finder_test.rb
Using mysql2 with Identity Map off
Loaded suite test/cases/finder_test
Started
..........................................................................................................................................................
Finished in 1.610354 seconds.

154 tests, 360 assertions, 0 failures, 0 errors
/home/vagrant/.rvm/rubies/ruby-1.8.7-p352/bin/ruby -Itest test/cases/finder_respond_to_test.rb
Using mysql2 with Identity Map off
Loaded suite test/cases/finder_respond_to_test
Started
............
Finished in 0.070901 seconds.

12 tests, 15 assertions, 0 failures, 0 errors
/home/vagrant/.rvm/rubies/ruby-1.8.7-p352/bin/ruby -Itest test/cases/dynamic_finder_match_test.rb
Using mysql2 with Identity Map off
Loaded suite test/cases/dynamic_finder_match_test
Started
............
Finished in 0.019108 seconds.

12 tests, 38 assertions, 0 failures, 0 errors
/home/vagrant/.rvm/rubies/ruby-1.8.7-p352/bin/ruby -Itest test/cases/dup_test.rb
Using mysql2 with Identity Map off
Loaded suite test/cases/dup_test
Started
..........
Finished in 0.142472 seconds.

10 tests, 17 assertions, 0 failures, 0 errors
/home/vagrant/.rvm/rubies/ruby-1.8.7-p352/bin/ruby -Itest test/cases/dirty_test.rb
Using mysql2 with Identity Map off
Loaded suite test/cases/dirty_test
Started
...........................
Finished in 0.683606 seconds.

27 tests, 171 assertions, 0 failures, 0 errors
/home/vagrant/.rvm/rubies/ruby-1.8.7-p352/bin/ruby -Itest test/cases/deprecated_finder_test.rb
Using mysql2 with Identity Map off
Loaded suite test/cases/deprecated_finder_test
Started
.....
Finished in 0.042943 seconds.

5 tests, 9 assertions, 0 failures, 0 errors
/home/vagrant/.rvm/rubies/ruby-1.8.7-p352/bin/ruby -Itest test/cases/defaults_test.rb
Using mysql2 with Identity Map off
Loaded suite test/cases/defaults_test
Started
...
Finished in 0.172795 seconds.

3 tests, 17 assertions, 0 failures, 0 errors
/home/vagrant/.rvm/rubies/ruby-1.8.7-p352/bin/ruby -Itest test/cases/date_time_test.rb
Using mysql2 with Identity Map off
Loaded suite test/cases/date_time_test
Started
....
Finished in 0.05504 seconds.

4 tests, 5 assertions, 0 failures, 0 errors
/home/vagrant/.rvm/rubies/ruby-1.8.7-p352/bin/ruby -Itest test/cases/database_statements_test.rb
Using mysql2 with Identity Map off
Loaded suite test/cases/database_statements_test
Started
.
Finished in 0.004639 seconds.

1 tests, 1 assertions, 0 failures, 0 errors
/home/vagrant/.rvm/rubies/ruby-1.8.7-p352/bin/ruby -Itest test/cases/custom_locking_test.rb
Using mysql2 with Identity Map off
Loaded suite test/cases/custom_locking_test
Started
.
Finished in 0.023705 seconds.

1 tests, 2 assertions, 0 failures, 0 errors
/home/vagrant/.rvm/rubies/ruby-1.8.7-p352/bin/ruby -Itest test/cases/counter_cache_test.rb
Using mysql2 with Identity Map off
Loaded suite test/cases/counter_cache_test
Started
.........
Finished in 0.715667 seconds.

9 tests, 13 assertions, 0 failures, 0 errors
/home/vagrant/.rvm/rubies/ruby-1.8.7-p352/bin/ruby -Itest test/cases/connection_pool_test.rb
Using mysql2 with Identity Map off
Loaded suite test/cases/connection_pool_test
Started
..........
Finished in 5.049109 seconds.

10 tests, 42 assertions, 0 failures, 0 errors
/home/vagrant/.rvm/rubies/ruby-1.8.7-p352/bin/ruby -Itest test/cases/connection_management_test.rb
Using mysql2 with Identity Map off
Loaded suite test/cases/connection_management_test
Started
.........
Finished in 0.012274 seconds.

9 tests, 30 assertions, 0 failures, 0 errors
/home/vagrant/.rvm/rubies/ruby-1.8.7-p352/bin/ruby -Itest test/cases/connection_adapters/connection_handler_test.rb
Using mysql2 with Identity Map off
Loaded suite test/cases/connection_adapters/connection_handler_test
Started
....
Finished in 0.008875 seconds.

4 tests, 7 assertions, 0 failures, 0 errors
/home/vagrant/.rvm/rubies/ruby-1.8.7-p352/bin/ruby -Itest test/cases/column_definition_test.rb
Using mysql2 with Identity Map off
Loaded suite test/cases/column_definition_test
Started
.........
Finished in 0.016837 seconds.

9 tests, 15 assertions, 0 failures, 0 errors
/home/vagrant/.rvm/rubies/ruby-1.8.7-p352/bin/ruby -Itest test/cases/column_alias_test.rb
Using mysql2 with Identity Map off
Loaded suite test/cases/column_alias_test
Started
.
Finished in 0.053281 seconds.

1 tests, 1 assertions, 0 failures, 0 errors
/home/vagrant/.rvm/rubies/ruby-1.8.7-p352/bin/ruby -Itest test/cases/coders/yaml_column_test.rb
Using mysql2 with Identity Map off
Loaded suite test/cases/coders/yaml_column_test
Started
.......
Finished in 0.011479 seconds.

7 tests, 7 assertions, 0 failures, 0 errors
/home/vagrant/.rvm/rubies/ruby-1.8.7-p352/bin/ruby -Itest test/cases/clone_test.rb
Using mysql2 with Identity Map off
Loaded suite test/cases/clone_test
Started
...
Finished in 0.059491 seconds.

3 tests, 7 assertions, 0 failures, 0 errors
/home/vagrant/.rvm/rubies/ruby-1.8.7-p352/bin/ruby -Itest test/cases/callbacks_test.rb
Using mysql2 with Identity Map off
Loaded suite test/cases/callbacks_test
Started
................
Finished in 0.169386 seconds.

16 tests, 40 assertions, 0 failures, 0 errors
/home/vagrant/.rvm/rubies/ruby-1.8.7-p352/bin/ruby -Itest test/cases/calculations_test.rb
Using mysql2 with Identity Map off
Loaded suite test/cases/calculations_test
Started
.....................................................................
Finished in 0.522665 seconds.

69 tests, 146 assertions, 0 failures, 0 errors
/home/vagrant/.rvm/rubies/ruby-1.8.7-p352/bin/ruby -Itest test/cases/bind_parameter_test.rb
Using mysql2 with Identity Map off
Loaded suite test/cases/bind_parameter_test
Started
...
Finished in 0.058455 seconds.

3 tests, 0 assertions, 0 failures, 0 errors
/home/vagrant/.rvm/rubies/ruby-1.8.7-p352/bin/ruby -Itest test/cases/binary_test.rb
Using mysql2 with Identity Map off
Loaded suite test/cases/binary_test
Started
..
Finished in 0.051528 seconds.

2 tests, 8 assertions, 0 failures, 0 errors
/home/vagrant/.rvm/rubies/ruby-1.8.7-p352/bin/ruby -Itest test/cases/batches_test.rb
Using mysql2 with Identity Map off
Loaded suite test/cases/batches_test
Started
............
Finished in 0.177999 seconds.

12 tests, 102 assertions, 0 failures, 0 errors
/home/vagrant/.rvm/rubies/ruby-1.8.7-p352/bin/ruby -Itest test/cases/base_test.rb
Using mysql2 with Identity Map off
Loaded suite test/cases/base_test
Started
....................................................................................................................................................................
Finished in 2.644402 seconds.

164 tests, 378 assertions, 0 failures, 0 errors
/home/vagrant/.rvm/rubies/ruby-1.8.7-p352/bin/ruby -Itest test/cases/autosave_association_test.rb
Using mysql2 with Identity Map off
Loaded suite test/cases/autosave_association_test
Started
.........................................................................................................................................
Finished in 3.416155 seconds.

137 tests, 375 assertions, 0 failures, 0 errors
/home/vagrant/.rvm/rubies/ruby-1.8.7-p352/bin/ruby -Itest test/cases/attribute_methods_test.rb
Using mysql2 with Identity Map off
Loaded suite test/cases/attribute_methods_test
Started
.............................................................
Finished in 2.078548 seconds.

61 tests, 381 assertions, 0 failures, 0 errors
/home/vagrant/.rvm/rubies/ruby-1.8.7-p352/bin/ruby -Itest test/cases/attribute_methods/read_test.rb
Using mysql2 with Identity Map off
Loaded suite test/cases/attribute_methods/read_test
Started
..
Finished in 0.012201 seconds.

2 tests, 8 assertions, 0 failures, 0 errors
/home/vagrant/.rvm/rubies/ruby-1.8.7-p352/bin/ruby -Itest test/cases/associations_test.rb
Using mysql2 with Identity Map off
Loaded suite test/cases/associations_test
Started
...........................
Finished in 0.596783 seconds.

27 tests, 52 assertions, 0 failures, 0 errors
/home/vagrant/.rvm/rubies/ruby-1.8.7-p352/bin/ruby -Itest test/cases/associations/nested_through_associations_test.rb
Using mysql2 with Identity Map off
Loaded suite test/cases/associations/nested_through_associations_test
Started
.......................................................
Finished in 0.952015 seconds.

55 tests, 154 assertions, 0 failures, 0 errors
/home/vagrant/.rvm/rubies/ruby-1.8.7-p352/bin/ruby -Itest test/cases/associations/join_model_test.rb
Using mysql2 with Identity Map off
Loaded suite test/cases/associations/join_model_test
Started
..................................................................................................
Finished in 2.408083 seconds.

98 tests, 315 assertions, 0 failures, 0 errors
/home/vagrant/.rvm/rubies/ruby-1.8.7-p352/bin/ruby -Itest test/cases/associations/inverse_associations_test.rb
Using mysql2 with Identity Map off
Loaded suite test/cases/associations/inverse_associations_test
Started
.....................................
Finished in 0.491708 seconds.

37 tests, 155 assertions, 0 failures, 0 errors
/home/vagrant/.rvm/rubies/ruby-1.8.7-p352/bin/ruby -Itest test/cases/associations/inner_join_association_test.rb
Using mysql2 with Identity Map off
Loaded suite test/cases/associations/inner_join_association_test
Started
................
Finished in 0.256734 seconds.

16 tests, 25 assertions, 0 failures, 0 errors
/home/vagrant/.rvm/rubies/ruby-1.8.7-p352/bin/ruby -Itest test/cases/associations/identity_map_test.rb
Using mysql2 with Identity Map off
Loaded suite test/cases/associations/identity_map_test
Started

Finished in 0.000187 seconds.

0 tests, 0 assertions, 0 failures, 0 errors
/home/vagrant/.rvm/rubies/ruby-1.8.7-p352/bin/ruby -Itest test/cases/associations/has_one_through_associations_test.rb
Using mysql2 with Identity Map off
Loaded suite test/cases/associations/has_one_through_associations_test
Started
.................................
Finished in 0.836104 seconds.

33 tests, 90 assertions, 0 failures, 0 errors
/home/vagrant/.rvm/rubies/ruby-1.8.7-p352/bin/ruby -Itest test/cases/associations/has_one_associations_test.rb
Using mysql2 with Identity Map off
Loaded suite test/cases/associations/has_one_associations_test
Started
...................................................
Finished in 1.359511 seconds.

51 tests, 110 assertions, 0 failures, 0 errors
/home/vagrant/.rvm/rubies/ruby-1.8.7-p352/bin/ruby -Itest test/cases/associations/has_many_through_associations_test.rb
Using mysql2 with Identity Map off
Loaded suite test/cases/associations/has_many_through_associations_test
Started
....................................................................................
Finished in 4.594898 seconds.

84 tests, 178 assertions, 0 failures, 0 errors
/home/vagrant/.rvm/rubies/ruby-1.8.7-p352/bin/ruby -Itest test/cases/associations/has_many_associations_test.rb
Using mysql2 with Identity Map off
Loaded suite test/cases/associations/has_many_associations_test
Started
..................................................................................................................................................................................
Finished in 4.602097 seconds.

178 tests, 436 assertions, 0 failures, 0 errors
/home/vagrant/.rvm/rubies/ruby-1.8.7-p352/bin/ruby -Itest test/cases/associations/has_and_belongs_to_many_associations_test.rb
Using mysql2 with Identity Map off
Loaded suite test/cases/associations/has_and_belongs_to_many_associations_test
Started
................................................................................
Finished in 2.010807 seconds.

80 tests, 213 assertions, 0 failures, 0 errors
/home/vagrant/.rvm/rubies/ruby-1.8.7-p352/bin/ruby -Itest test/cases/associations/habtm_join_table_test.rb
Using mysql2 with Identity Map off
Loaded suite test/cases/associations/habtm_join_table_test
Started

Finished in 0.000109 seconds.

0 tests, 0 assertions, 0 failures, 0 errors
/home/vagrant/.rvm/rubies/ruby-1.8.7-p352/bin/ruby -Itest test/cases/associations/extension_test.rb
Using mysql2 with Identity Map off
Loaded suite test/cases/associations/extension_test
Started
.........
Finished in 0.268664 seconds.

9 tests, 16 assertions, 0 failures, 0 errors
/home/vagrant/.rvm/rubies/ruby-1.8.7-p352/bin/ruby -Itest test/cases/associations/eager_test.rb
Using mysql2 with Identity Map off
Loaded suite test/cases/associations/eager_test
Started
.............................................................................................................................
Finished in 2.939634 seconds.

125 tests, 403 assertions, 0 failures, 0 errors
/home/vagrant/.rvm/rubies/ruby-1.8.7-p352/bin/ruby -Itest test/cases/associations/eager_singularization_test.rb
Using mysql2 with Identity Map off
Loaded suite test/cases/associations/eager_singularization_test
Started
......
Finished in 2.737231 seconds.

6 tests, 6 assertions, 0 failures, 0 errors
/home/vagrant/.rvm/rubies/ruby-1.8.7-p352/bin/ruby -Itest test/cases/associations/eager_load_nested_include_test.rb
Using mysql2 with Identity Map off
Loaded suite test/cases/associations/eager_load_nested_include_test
Started
..
Finished in 1.028925 seconds.

2 tests, 203 assertions, 0 failures, 0 errors
/home/vagrant/.rvm/rubies/ruby-1.8.7-p352/bin/ruby -Itest test/cases/associations/eager_load_includes_full_sti_class_test.rb
Using mysql2 with Identity Map off
Loaded suite test/cases/associations/eager_load_includes_full_sti_class_test
Started
.
Finished in 0.073229 seconds.

1 tests, 2 assertions, 0 failures, 0 errors
/home/vagrant/.rvm/rubies/ruby-1.8.7-p352/bin/ruby -Itest test/cases/associations/cascaded_eager_loading_test.rb
Using mysql2 with Identity Map off
Loaded suite test/cases/associations/cascaded_eager_loading_test
Started
....................
Finished in 0.902854 seconds.

20 tests, 59 assertions, 0 failures, 0 errors
/home/vagrant/.rvm/rubies/ruby-1.8.7-p352/bin/ruby -Itest test/cases/associations/callbacks_test.rb
Using mysql2 with Identity Map off
Loaded suite test/cases/associations/callbacks_test
Started
...............
Finished in 0.36852 seconds.

15 tests, 54 assertions, 0 failures, 0 errors
/home/vagrant/.rvm/rubies/ruby-1.8.7-p352/bin/ruby -Itest test/cases/associations/belongs_to_associations_test.rb
Using mysql2 with Identity Map off
Loaded suite test/cases/associations/belongs_to_associations_test
Started
..................................................................
Finished in 1.659322 seconds.

66 tests, 160 assertions, 0 failures, 0 errors
/home/vagrant/.rvm/rubies/ruby-1.8.7-p352/bin/ruby -Itest test/cases/ar_schema_test.rb
Using mysql2 with Identity Map off
Loaded suite test/cases/ar_schema_test
Started
-- create_table(:fruits)
   -> 0.0080s
-- initialize_schema_migrations_table()
   -> 0.0013s
-- assume_migrated_upto_version(7, ["db/migrate"])
   -> 0.0068s
.-- create_table(:vegetables)
.
Finished in 0.031165 seconds.

2 tests, 4 assertions, 0 failures, 0 errors
/home/vagrant/.rvm/rubies/ruby-1.8.7-p352/bin/ruby -Itest test/cases/aggregations_test.rb
Using mysql2 with Identity Map off
Loaded suite test/cases/aggregations_test
Started
..................
Finished in 0.149044 seconds.

18 tests, 35 assertions, 0 failures, 0 errors
/home/vagrant/.rvm/rubies/ruby-1.8.7-p352/bin/ruby -Itest test/cases/adapter_test.rb
Using mysql2 with Identity Map off
Loaded suite test/cases/adapter_test
Started
.......
Finished in 0.133384 seconds.

7 tests, 17 assertions, 0 failures, 0 errors
/home/vagrant/.rvm/rubies/ruby-1.8.7-p352/bin/ruby -Itest test/cases/adapters/mysql2/schema_test.rb
Using mysql2 with Identity Map off
Loaded suite test/cases/adapters/mysql2/schema_test
Started
...
Finished in 0.057038 seconds.

3 tests, 3 assertions, 0 failures, 0 errors
/home/vagrant/.rvm/rubies/ruby-1.8.7-p352/bin/ruby -Itest test/cases/adapters/mysql2/reserved_word_test.rb
Using mysql2 with Identity Map off
Loaded suite test/cases/adapters/mysql2/reserved_word_test
Started
............
Finished in 4.513586 seconds.

12 tests, 25 assertions, 0 failures, 0 errors
/home/vagrant/.rvm/rubies/ruby-1.8.7-p352/bin/ruby -Itest test/cases/adapters/mysql2/connection_test.rb
Using mysql2 with Identity Map off
Loaded suite test/cases/adapters/mysql2/connection_test
Started
...
Finished in 6.013146 seconds.

3 tests, 6 assertions, 0 failures, 0 errors
/home/vagrant/.rvm/rubies/ruby-1.8.7-p352/bin/ruby -Itest test/cases/adapters/mysql2/bind_parameter_test.rb
Using mysql2 with Identity Map off
Loaded suite test/cases/adapters/mysql2/bind_parameter_test
Started
....
Finished in 0.163829 seconds.

4 tests, 8 assertions, 0 failures, 0 errors
/home/vagrant/.rvm/rubies/ruby-1.8.7-p352/bin/ruby -Itest test/cases/adapters/mysql2/active_schema_test.rb
Using mysql2 with Identity Map off
Loaded suite test/cases/adapters/mysql2/active_schema_test
Started
.........
Finished in 0.369839 seconds.

9 tests, 17 assertions, 0 failures, 0 errors

[1;33m[Travis CI] activerecord with mysql2 IM enabled in isolation[m
Running command: bundle exec rake mysql:rebuild_databases
Running command: bundle exec rake mysql2:isolated_test
["mysql2", "mysql2"]
/home/vagrant/.rvm/rubies/ruby-1.8.7-p352/bin/ruby -Itest test/cases/yaml_serialization_test.rb
Using mysql2 with Identity Map on
Loaded suite test/cases/yaml_serialization_test
Started
...
Finished in 0.277216 seconds.

3 tests, 4 assertions, 0 failures, 0 errors
/home/vagrant/.rvm/rubies/ruby-1.8.7-p352/bin/ruby -Itest test/cases/xml_serialization_test.rb
Using mysql2 with Identity Map on
Loaded suite test/cases/xml_serialization_test
Started
...................................
Finished in 0.874279 seconds.

35 tests, 71 assertions, 0 failures, 0 errors
/home/vagrant/.rvm/rubies/ruby-1.8.7-p352/bin/ruby -Itest test/cases/validations_test.rb
Using mysql2 with Identity Map on
Loaded suite test/cases/validations_test
Started
...............
Finished in 0.326553 seconds.

15 tests, 33 assertions, 0 failures, 0 errors
/home/vagrant/.rvm/rubies/ruby-1.8.7-p352/bin/ruby -Itest test/cases/validations/uniqueness_validation_test.rb
Using mysql2 with Identity Map on
Loaded suite test/cases/validations/uniqueness_validation_test
Started
.................
Finished in 0.652603 seconds.

17 tests, 80 assertions, 0 failures, 0 errors
/home/vagrant/.rvm/rubies/ruby-1.8.7-p352/bin/ruby -Itest test/cases/validations/i18n_validation_test.rb
Using mysql2 with Identity Map on
Loaded suite test/cases/validations/i18n_validation_test
Started
............
Finished in 0.574713 seconds.

12 tests, 12 assertions, 0 failures, 0 errors
/home/vagrant/.rvm/rubies/ruby-1.8.7-p352/bin/ruby -Itest test/cases/validations/i18n_generate_message_validation_test.rb
Using mysql2 with Identity Map on
Loaded suite test/cases/validations/i18n_generate_message_validation_test
Started
.....
Finished in 0.055429 seconds.

5 tests, 5 assertions, 0 failures, 0 errors
/home/vagrant/.rvm/rubies/ruby-1.8.7-p352/bin/ruby -Itest test/cases/validations/association_validation_test.rb
Using mysql2 with Identity Map on
Loaded suite test/cases/validations/association_validation_test
Started
.........
Finished in 0.210763 seconds.

9 tests, 31 assertions, 0 failures, 0 errors
/home/vagrant/.rvm/rubies/ruby-1.8.7-p352/bin/ruby -Itest test/cases/unconnected_test.rb
Using mysql2 with Identity Map on
Loaded suite test/cases/unconnected_test
Started
..
Finished in 0.025322 seconds.

2 tests, 3 assertions, 0 failures, 0 errors
/home/vagrant/.rvm/rubies/ruby-1.8.7-p352/bin/ruby -Itest test/cases/transactions_test.rb
Using mysql2 with Identity Map on
Loaded suite test/cases/transactions_test
Started
.......................
Finished in 2.535629 seconds.

23 tests, 79 assertions, 0 failures, 0 errors
/home/vagrant/.rvm/rubies/ruby-1.8.7-p352/bin/ruby -Itest test/cases/transaction_callbacks_test.rb
Using mysql2 with Identity Map on
Loaded suite test/cases/transaction_callbacks_test
Started
..............
Finished in 0.821695 seconds.

14 tests, 23 assertions, 0 failures, 0 errors
/home/vagrant/.rvm/rubies/ruby-1.8.7-p352/bin/ruby -Itest test/cases/timestamp_test.rb
Using mysql2 with Identity Map on
Loaded suite test/cases/timestamp_test
Started
...................
Finished in 0.365807 seconds.

19 tests, 28 assertions, 0 failures, 0 errors
/home/vagrant/.rvm/rubies/ruby-1.8.7-p352/bin/ruby -Itest test/cases/session_store/session_test.rb
Using mysql2 with Identity Map on
Loaded suite test/cases/session_store/session_test
Started
.......
Finished in 0.917889 seconds.

7 tests, 14 assertions, 0 failures, 0 errors
/home/vagrant/.rvm/rubies/ruby-1.8.7-p352/bin/ruby -Itest test/cases/serialization_test.rb
Using mysql2 with Identity Map on
Loaded suite test/cases/serialization_test
Started
.................
Finished in 0.466284 seconds.

17 tests, 63 assertions, 0 failures, 0 errors
/home/vagrant/.rvm/rubies/ruby-1.8.7-p352/bin/ruby -Itest test/cases/schema_dumper_test.rb
Using mysql2 with Identity Map on
Loaded suite test/cases/schema_dumper_test
Started
..................
Finished in 2.378365 seconds.

18 tests, 525 assertions, 0 failures, 0 errors
/home/vagrant/.rvm/rubies/ruby-1.8.7-p352/bin/ruby -Itest test/cases/sanitize_test.rb
Using mysql2 with Identity Map on
Loaded suite test/cases/sanitize_test
Started
..
Finished in 0.002595 seconds.

2 tests, 8 assertions, 0 failures, 0 errors
/home/vagrant/.rvm/rubies/ruby-1.8.7-p352/bin/ruby -Itest test/cases/reload_models_test.rb
Using mysql2 with Identity Map on
Loaded suite test/cases/reload_models_test
Started
.
Finished in 0.059164 seconds.

1 tests, 1 assertions, 0 failures, 0 errors
/home/vagrant/.rvm/rubies/ruby-1.8.7-p352/bin/ruby -Itest test/cases/relations_test.rb
Using mysql2 with Identity Map on
Loaded suite test/cases/relations_test
Started
..............................................................................................................
Finished in 1.202046 seconds.

110 tests, 314 assertions, 0 failures, 0 errors
/home/vagrant/.rvm/rubies/ruby-1.8.7-p352/bin/ruby -Itest test/cases/relation_test.rb
Using mysql2 with Identity Map on
Loaded suite test/cases/relation_test
Started
...................
Finished in 0.079501 seconds.

19 tests, 39 assertions, 0 failures, 0 errors
/home/vagrant/.rvm/rubies/ruby-1.8.7-p352/bin/ruby -Itest test/cases/relation_scoping_test.rb
Using mysql2 with Identity Map on
Loaded suite test/cases/relation_scoping_test
Started
........................................................................
Finished in 1.094663 seconds.

72 tests, 120 assertions, 0 failures, 0 errors
/home/vagrant/.rvm/rubies/ruby-1.8.7-p352/bin/ruby -Itest test/cases/reflection_test.rb
Using mysql2 with Identity Map on
Loaded suite test/cases/reflection_test
Started
...............................
Finished in 0.225642 seconds.

31 tests, 102 assertions, 0 failures, 0 errors
/home/vagrant/.rvm/rubies/ruby-1.8.7-p352/bin/ruby -Itest test/cases/readonly_test.rb
Using mysql2 with Identity Map on
Loaded suite test/cases/readonly_test
Started
..........
Finished in 0.230665 seconds.

10 tests, 140 assertions, 0 failures, 0 errors
/home/vagrant/.rvm/rubies/ruby-1.8.7-p352/bin/ruby -Itest test/cases/quoting_test.rb
Using mysql2 with Identity Map on
Loaded suite test/cases/quoting_test
Started
................................
Finished in 0.04557 seconds.

32 tests, 52 assertions, 0 failures, 0 errors
/home/vagrant/.rvm/rubies/ruby-1.8.7-p352/bin/ruby -Itest test/cases/query_cache_test.rb
Using mysql2 with Identity Map on
Loaded suite test/cases/query_cache_test
Started
....................
Finished in 0.335571 seconds.

20 tests, 33 assertions, 0 failures, 0 errors
/home/vagrant/.rvm/rubies/ruby-1.8.7-p352/bin/ruby -Itest test/cases/primary_keys_test.rb
Using mysql2 with Identity Map on
Loaded suite test/cases/primary_keys_test
Started
....................
Finished in 0.369987 seconds.

20 tests, 39 assertions, 0 failures, 0 errors
/home/vagrant/.rvm/rubies/ruby-1.8.7-p352/bin/ruby -Itest test/cases/pooled_connections_test.rb
Using mysql2 with Identity Map on
Loaded suite test/cases/pooled_connections_test
Started
.........
Finished in 1.348689 seconds.

9 tests, 15 assertions, 0 failures, 0 errors
/home/vagrant/.rvm/rubies/ruby-1.8.7-p352/bin/ruby -Itest test/cases/persistence_test.rb
Using mysql2 with Identity Map on
Loaded suite test/cases/persistence_test
Started
..............................................................
Finished in 1.701927 seconds.

62 tests, 165 assertions, 0 failures, 0 errors
/home/vagrant/.rvm/rubies/ruby-1.8.7-p352/bin/ruby -Itest test/cases/nested_attributes_test.rb
Using mysql2 with Identity Map on
Loaded suite test/cases/nested_attributes_test
Started
..................................................................................................................................
Finished in 6.876817 seconds.

130 tests, 239 assertions, 0 failures, 0 errors
/home/vagrant/.rvm/rubies/ruby-1.8.7-p352/bin/ruby -Itest test/cases/named_scope_test.rb
Using mysql2 with Identity Map on
Loaded suite test/cases/named_scope_test
Started
..................................................................
Finished in 0.638518 seconds.

66 tests, 147 assertions, 0 failures, 0 errors
/home/vagrant/.rvm/rubies/ruby-1.8.7-p352/bin/ruby -Itest test/cases/multiple_db_test.rb
Using mysql2 with Identity Map on
Loaded suite test/cases/multiple_db_test
Started
.......
Finished in 0.654354 seconds.

7 tests, 23 assertions, 0 failures, 0 errors
/home/vagrant/.rvm/rubies/ruby-1.8.7-p352/bin/ruby -Itest test/cases/modules_test.rb
Using mysql2 with Identity Map on
Loaded suite test/cases/modules_test
Started
............
Finished in 0.50624 seconds.

12 tests, 30 assertions, 0 failures, 0 errors
/home/vagrant/.rvm/rubies/ruby-1.8.7-p352/bin/ruby -Itest test/cases/mixin_test.rb
Using mysql2 with Identity Map on
Loaded suite test/cases/mixin_test
Started
.....
Finished in 0.0833 seconds.

5 tests, 16 assertions, 0 failures, 0 errors
/home/vagrant/.rvm/rubies/ruby-1.8.7-p352/bin/ruby -Itest test/cases/migration_test.rb
Using mysql2 with Identity Map on
Loaded suite test/cases/migration_test
Started
......................................................................................................................................
Finished in 63.934011 seconds.

134 tests, 383 assertions, 0 failures, 0 errors
/home/vagrant/.rvm/rubies/ruby-1.8.7-p352/bin/ruby -Itest test/cases/migration/command_recorder_test.rb
Using mysql2 with Identity Map on
Loaded suite test/cases/migration/command_recorder_test
Started
..................
Finished in 0.025357 seconds.

18 tests, 20 assertions, 0 failures, 0 errors
/home/vagrant/.rvm/rubies/ruby-1.8.7-p352/bin/ruby -Itest test/cases/method_scoping_test.rb
Using mysql2 with Identity Map on
Loaded suite test/cases/method_scoping_test
Started
......................................................
Finished in 0.422706 seconds.

54 tests, 133 assertions, 0 failures, 0 errors
/home/vagrant/.rvm/rubies/ruby-1.8.7-p352/bin/ruby -Itest test/cases/mass_assignment_security_test.rb
Using mysql2 with Identity Map on
Loaded suite test/cases/mass_assignment_security_test
Started
.............................................................................................................................
Finished in 2.898622 seconds.

125 tests, 525 assertions, 0 failures, 0 errors
/home/vagrant/.rvm/rubies/ruby-1.8.7-p352/bin/ruby -Itest test/cases/log_subscriber_test.rb
Using mysql2 with Identity Map on
Loaded suite test/cases/log_subscriber_test
Started
.......
Finished in 0.082772 seconds.

7 tests, 14 assertions, 0 failures, 0 errors
/home/vagrant/.rvm/rubies/ruby-1.8.7-p352/bin/ruby -Itest test/cases/locking_test.rb
Using mysql2 with Identity Map on
Loaded suite test/cases/locking_test
Started
..........................
Finished in 3.369627 seconds.

26 tests, 92 assertions, 0 failures, 0 errors
/home/vagrant/.rvm/rubies/ruby-1.8.7-p352/bin/ruby -Itest test/cases/lifecycle_test.rb
Using mysql2 with Identity Map on
Loaded suite test/cases/lifecycle_test
Started
..............
Finished in 0.386151 seconds.

14 tests, 23 assertions, 0 failures, 0 errors
/home/vagrant/.rvm/rubies/ruby-1.8.7-p352/bin/ruby -Itest test/cases/json_serialization_test.rb
Using mysql2 with Identity Map on
Loaded suite test/cases/json_serialization_test
Started
..................
Finished in 0.225606 seconds.

18 tests, 69 assertions, 0 failures, 0 errors
/home/vagrant/.rvm/rubies/ruby-1.8.7-p352/bin/ruby -Itest test/cases/invertible_migration_test.rb
Using mysql2 with Identity Map on
Loaded suite test/cases/invertible_migration_test
Started
...
Finished in 0.382604 seconds.

3 tests, 3 assertions, 0 failures, 0 errors
/home/vagrant/.rvm/rubies/ruby-1.8.7-p352/bin/ruby -Itest test/cases/invalid_date_test.rb
Using mysql2 with Identity Map on
Loaded suite test/cases/invalid_date_test
Started
.
Finished in 0.036997 seconds.

1 tests, 6 assertions, 0 failures, 0 errors
/home/vagrant/.rvm/rubies/ruby-1.8.7-p352/bin/ruby -Itest test/cases/inheritance_test.rb
Using mysql2 with Identity Map on
Loaded suite test/cases/inheritance_test
Started
................................
Finished in 1.326458 seconds.

32 tests, 71 assertions, 0 failures, 0 errors
/home/vagrant/.rvm/rubies/ruby-1.8.7-p352/bin/ruby -Itest test/cases/identity_map_test.rb
Using mysql2 with Identity Map on
Loaded suite test/cases/identity_map_test
Started
.................................
Finished in 0.592587 seconds.

33 tests, 105 assertions, 0 failures, 0 errors
/home/vagrant/.rvm/rubies/ruby-1.8.7-p352/bin/ruby -Itest test/cases/identity_map/middleware_test.rb
Using mysql2 with Identity Map on
Loaded suite test/cases/identity_map/middleware_test
Started
.....
Finished in 0.007434 seconds.

5 tests, 8 assertions, 0 failures, 0 errors
/home/vagrant/.rvm/rubies/ruby-1.8.7-p352/bin/ruby -Itest test/cases/i18n_test.rb
Using mysql2 with Identity Map on
Loaded suite test/cases/i18n_test
Started
.......
Finished in 0.023087 seconds.

7 tests, 7 assertions, 0 failures, 0 errors
/home/vagrant/.rvm/rubies/ruby-1.8.7-p352/bin/ruby -Itest test/cases/habtm_destroy_order_test.rb
Using mysql2 with Identity Map on
Loaded suite test/cases/habtm_destroy_order_test
Started
...
Finished in 0.136301 seconds.

3 tests, 5 assertions, 0 failures, 0 errors
/home/vagrant/.rvm/rubies/ruby-1.8.7-p352/bin/ruby -Itest test/cases/fixtures_test.rb
Using mysql2 with Identity Map on
Loaded suite test/cases/fixtures_test
Started
...........................................................................
Finished in 3.464105 seconds.

75 tests, 384 assertions, 0 failures, 0 errors
/home/vagrant/.rvm/rubies/ruby-1.8.7-p352/bin/ruby -Itest test/cases/fixtures/file_test.rb
Using mysql2 with Identity Map on
Loaded suite test/cases/fixtures/file_test
Started
........
Finished in 0.012623 seconds.

8 tests, 9 assertions, 0 failures, 0 errors
/home/vagrant/.rvm/rubies/ruby-1.8.7-p352/bin/ruby -Itest test/cases/finder_test.rb
Using mysql2 with Identity Map on
Loaded suite test/cases/finder_test
Started
..........................................................................................................................................................
Finished in 1.259025 seconds.

154 tests, 360 assertions, 0 failures, 0 errors
/home/vagrant/.rvm/rubies/ruby-1.8.7-p352/bin/ruby -Itest test/cases/finder_respond_to_test.rb
Using mysql2 with Identity Map on
Loaded suite test/cases/finder_respond_to_test
Started
............
Finished in 0.081018 seconds.

12 tests, 15 assertions, 0 failures, 0 errors
/home/vagrant/.rvm/rubies/ruby-1.8.7-p352/bin/ruby -Itest test/cases/dynamic_finder_match_test.rb
Using mysql2 with Identity Map on
Loaded suite test/cases/dynamic_finder_match_test
Started
............
Finished in 0.01654 seconds.

12 tests, 38 assertions, 0 failures, 0 errors
/home/vagrant/.rvm/rubies/ruby-1.8.7-p352/bin/ruby -Itest test/cases/dup_test.rb
Using mysql2 with Identity Map on
Loaded suite test/cases/dup_test
Started
..........
Finished in 0.122326 seconds.

10 tests, 17 assertions, 0 failures, 0 errors
/home/vagrant/.rvm/rubies/ruby-1.8.7-p352/bin/ruby -Itest test/cases/dirty_test.rb
Using mysql2 with Identity Map on
Loaded suite test/cases/dirty_test
Started
...........................
Finished in 1.173486 seconds.

27 tests, 171 assertions, 0 failures, 0 errors
/home/vagrant/.rvm/rubies/ruby-1.8.7-p352/bin/ruby -Itest test/cases/deprecated_finder_test.rb
Using mysql2 with Identity Map on
Loaded suite test/cases/deprecated_finder_test
Started
.....
Finished in 0.06016 seconds.

5 tests, 9 assertions, 0 failures, 0 errors
/home/vagrant/.rvm/rubies/ruby-1.8.7-p352/bin/ruby -Itest test/cases/defaults_test.rb
Using mysql2 with Identity Map on
Loaded suite test/cases/defaults_test
Started
...
Finished in 0.50269 seconds.

3 tests, 17 assertions, 0 failures, 0 errors
/home/vagrant/.rvm/rubies/ruby-1.8.7-p352/bin/ruby -Itest test/cases/date_time_test.rb
Using mysql2 with Identity Map on
Loaded suite test/cases/date_time_test
Started
....
Finished in 0.059705 seconds.

4 tests, 5 assertions, 0 failures, 0 errors
/home/vagrant/.rvm/rubies/ruby-1.8.7-p352/bin/ruby -Itest test/cases/database_statements_test.rb
Using mysql2 with Identity Map on
Loaded suite test/cases/database_statements_test
Started
.
Finished in 0.012572 seconds.

1 tests, 1 assertions, 0 failures, 0 errors
/home/vagrant/.rvm/rubies/ruby-1.8.7-p352/bin/ruby -Itest test/cases/custom_locking_test.rb
Using mysql2 with Identity Map on
Loaded suite test/cases/custom_locking_test
Started
.
Finished in 0.029714 seconds.

1 tests, 2 assertions, 0 failures, 0 errors
/home/vagrant/.rvm/rubies/ruby-1.8.7-p352/bin/ruby -Itest test/cases/counter_cache_test.rb
Using mysql2 with Identity Map on
Loaded suite test/cases/counter_cache_test
Started
.........
Finished in 0.684461 seconds.

9 tests, 13 assertions, 0 failures, 0 errors
/home/vagrant/.rvm/rubies/ruby-1.8.7-p352/bin/ruby -Itest test/cases/connection_pool_test.rb
Using mysql2 with Identity Map on
Loaded suite test/cases/connection_pool_test
Started
..........
Finished in 5.048255 seconds.

10 tests, 42 assertions, 0 failures, 0 errors
/home/vagrant/.rvm/rubies/ruby-1.8.7-p352/bin/ruby -Itest test/cases/connection_management_test.rb
Using mysql2 with Identity Map on
Loaded suite test/cases/connection_management_test
Started
.........
Finished in 0.011492 seconds.

9 tests, 30 assertions, 0 failures, 0 errors
/home/vagrant/.rvm/rubies/ruby-1.8.7-p352/bin/ruby -Itest test/cases/connection_adapters/connection_handler_test.rb
Using mysql2 with Identity Map on
Loaded suite test/cases/connection_adapters/connection_handler_test
Started
....
Finished in 0.006042 seconds.

4 tests, 7 assertions, 0 failures, 0 errors
/home/vagrant/.rvm/rubies/ruby-1.8.7-p352/bin/ruby -Itest test/cases/column_definition_test.rb
Using mysql2 with Identity Map on
Loaded suite test/cases/column_definition_test
Started
.........
Finished in 0.011616 seconds.

9 tests, 15 assertions, 0 failures, 0 errors
/home/vagrant/.rvm/rubies/ruby-1.8.7-p352/bin/ruby -Itest test/cases/column_alias_test.rb
Using mysql2 with Identity Map on
Loaded suite test/cases/column_alias_test
Started
.
Finished in 0.056579 seconds.

1 tests, 1 assertions, 0 failures, 0 errors
/home/vagrant/.rvm/rubies/ruby-1.8.7-p352/bin/ruby -Itest test/cases/coders/yaml_column_test.rb
Using mysql2 with Identity Map on
Loaded suite test/cases/coders/yaml_column_test
Started
.......
Finished in 0.009036 seconds.

7 tests, 7 assertions, 0 failures, 0 errors
/home/vagrant/.rvm/rubies/ruby-1.8.7-p352/bin/ruby -Itest test/cases/clone_test.rb
Using mysql2 with Identity Map on
Loaded suite test/cases/clone_test
Started
...
Finished in 0.07867 seconds.

3 tests, 7 assertions, 0 failures, 0 errors
/home/vagrant/.rvm/rubies/ruby-1.8.7-p352/bin/ruby -Itest test/cases/callbacks_test.rb
Using mysql2 with Identity Map on
Loaded suite test/cases/callbacks_test
Started
................
Finished in 0.220479 seconds.

16 tests, 40 assertions, 0 failures, 0 errors
/home/vagrant/.rvm/rubies/ruby-1.8.7-p352/bin/ruby -Itest test/cases/calculations_test.rb
Using mysql2 with Identity Map on
Loaded suite test/cases/calculations_test
Started
.....................................................................
Finished in 0.404347 seconds.

69 tests, 146 assertions, 0 failures, 0 errors
/home/vagrant/.rvm/rubies/ruby-1.8.7-p352/bin/ruby -Itest test/cases/bind_parameter_test.rb
Using mysql2 with Identity Map on
Loaded suite test/cases/bind_parameter_test
Started
...
Finished in 0.080152 seconds.

3 tests, 0 assertions, 0 failures, 0 errors
/home/vagrant/.rvm/rubies/ruby-1.8.7-p352/bin/ruby -Itest test/cases/binary_test.rb
Using mysql2 with Identity Map on
Loaded suite test/cases/binary_test
Started
..
Finished in 0.085034 seconds.

2 tests, 8 assertions, 0 failures, 0 errors
/home/vagrant/.rvm/rubies/ruby-1.8.7-p352/bin/ruby -Itest test/cases/batches_test.rb
Using mysql2 with Identity Map on
Loaded suite test/cases/batches_test
Started
............
Finished in 0.268693 seconds.

12 tests, 102 assertions, 0 failures, 0 errors
/home/vagrant/.rvm/rubies/ruby-1.8.7-p352/bin/ruby -Itest test/cases/base_test.rb
Using mysql2 with Identity Map on
Loaded suite test/cases/base_test
Started
....................................................................................................................................................................
Finished in 3.095718 seconds.

164 tests, 378 assertions, 0 failures, 0 errors
/home/vagrant/.rvm/rubies/ruby-1.8.7-p352/bin/ruby -Itest test/cases/autosave_association_test.rb
Using mysql2 with Identity Map on
Loaded suite test/cases/autosave_association_test
Started
.........................................................................................................................................
Finished in 5.384088 seconds.

137 tests, 375 assertions, 0 failures, 0 errors
/home/vagrant/.rvm/rubies/ruby-1.8.7-p352/bin/ruby -Itest test/cases/attribute_methods_test.rb
Using mysql2 with Identity Map on
Loaded suite test/cases/attribute_methods_test
Started
.............................................................
Finished in 2.412057 seconds.

61 tests, 381 assertions, 0 failures, 0 errors
/home/vagrant/.rvm/rubies/ruby-1.8.7-p352/bin/ruby -Itest test/cases/attribute_methods/read_test.rb
Using mysql2 with Identity Map on
Loaded suite test/cases/attribute_methods/read_test
Started
..
Finished in 0.017609 seconds.

2 tests, 8 assertions, 0 failures, 0 errors
/home/vagrant/.rvm/rubies/ruby-1.8.7-p352/bin/ruby -Itest test/cases/associations_test.rb
Using mysql2 with Identity Map on
Loaded suite test/cases/associations_test
Started
...........................
Finished in 0.892116 seconds.

27 tests, 52 assertions, 0 failures, 0 errors
/home/vagrant/.rvm/rubies/ruby-1.8.7-p352/bin/ruby -Itest test/cases/associations/nested_through_associations_test.rb
Using mysql2 with Identity Map on
Loaded suite test/cases/associations/nested_through_associations_test
Started
.......................................................
Finished in 1.324594 seconds.

55 tests, 154 assertions, 0 failures, 0 errors
/home/vagrant/.rvm/rubies/ruby-1.8.7-p352/bin/ruby -Itest test/cases/associations/join_model_test.rb
Using mysql2 with Identity Map on
Loaded suite test/cases/associations/join_model_test
Started
..................................................................................................
Finished in 2.014385 seconds.

98 tests, 315 assertions, 0 failures, 0 errors
/home/vagrant/.rvm/rubies/ruby-1.8.7-p352/bin/ruby -Itest test/cases/associations/inverse_associations_test.rb
Using mysql2 with Identity Map on
Loaded suite test/cases/associations/inverse_associations_test
Started
.....................................
Finished in 0.43856 seconds.

37 tests, 155 assertions, 0 failures, 0 errors
/home/vagrant/.rvm/rubies/ruby-1.8.7-p352/bin/ruby -Itest test/cases/associations/inner_join_association_test.rb
Using mysql2 with Identity Map on
Loaded suite test/cases/associations/inner_join_association_test
Started
................
Finished in 1.328373 seconds.

16 tests, 25 assertions, 0 failures, 0 errors
/home/vagrant/.rvm/rubies/ruby-1.8.7-p352/bin/ruby -Itest test/cases/associations/identity_map_test.rb
Using mysql2 with Identity Map on
Loaded suite test/cases/associations/identity_map_test
Started
..........
Finished in 0.398606 seconds.

10 tests, 80 assertions, 0 failures, 0 errors
/home/vagrant/.rvm/rubies/ruby-1.8.7-p352/bin/ruby -Itest test/cases/associations/has_one_through_associations_test.rb
Using mysql2 with Identity Map on
Loaded suite test/cases/associations/has_one_through_associations_test
Started
.................................
Finished in 0.777019 seconds.

33 tests, 90 assertions, 0 failures, 0 errors
/home/vagrant/.rvm/rubies/ruby-1.8.7-p352/bin/ruby -Itest test/cases/associations/has_one_associations_test.rb
Using mysql2 with Identity Map on
Loaded suite test/cases/associations/has_one_associations_test
Started
...................................................
Finished in 1.391077 seconds.

51 tests, 110 assertions, 0 failures, 0 errors
/home/vagrant/.rvm/rubies/ruby-1.8.7-p352/bin/ruby -Itest test/cases/associations/has_many_through_associations_test.rb
Using mysql2 with Identity Map on
Loaded suite test/cases/associations/has_many_through_associations_test
Started
....................................................................................
Finished in 4.805788 seconds.

84 tests, 178 assertions, 0 failures, 0 errors
/home/vagrant/.rvm/rubies/ruby-1.8.7-p352/bin/ruby -Itest test/cases/associations/has_many_associations_test.rb
Using mysql2 with Identity Map on
Loaded suite test/cases/associations/has_many_associations_test
Started
..................................................................................................................................................................................
Finished in 3.766112 seconds.

178 tests, 436 assertions, 0 failures, 0 errors
/home/vagrant/.rvm/rubies/ruby-1.8.7-p352/bin/ruby -Itest test/cases/associations/has_and_belongs_to_many_associations_test.rb
Using mysql2 with Identity Map on
Loaded suite test/cases/associations/has_and_belongs_to_many_associations_test
Started
................................................................................
Finished in 1.748928 seconds.

80 tests, 213 assertions, 0 failures, 0 errors
/home/vagrant/.rvm/rubies/ruby-1.8.7-p352/bin/ruby -Itest test/cases/associations/habtm_join_table_test.rb
Using mysql2 with Identity Map on
Loaded suite test/cases/associations/habtm_join_table_test
Started

Finished in 0.000324 seconds.

0 tests, 0 assertions, 0 failures, 0 errors
/home/vagrant/.rvm/rubies/ruby-1.8.7-p352/bin/ruby -Itest test/cases/associations/extension_test.rb
Using mysql2 with Identity Map on
Loaded suite test/cases/associations/extension_test
Started
.........
Finished in 0.190544 seconds.

9 tests, 16 assertions, 0 failures, 0 errors
/home/vagrant/.rvm/rubies/ruby-1.8.7-p352/bin/ruby -Itest test/cases/associations/eager_test.rb
Using mysql2 with Identity Map on
Loaded suite test/cases/associations/eager_test
Started
.............................................................................................................................
Finished in 2.024829 seconds.

125 tests, 403 assertions, 0 failures, 0 errors
/home/vagrant/.rvm/rubies/ruby-1.8.7-p352/bin/ruby -Itest test/cases/associations/eager_singularization_test.rb
Using mysql2 with Identity Map on
Loaded suite test/cases/associations/eager_singularization_test
Started
......
Finished in 5.492594 seconds.

6 tests, 6 assertions, 0 failures, 0 errors
/home/vagrant/.rvm/rubies/ruby-1.8.7-p352/bin/ruby -Itest test/cases/associations/eager_load_nested_include_test.rb
Using mysql2 with Identity Map on
Loaded suite test/cases/associations/eager_load_nested_include_test
Started
..
Finished in 0.883014 seconds.

2 tests, 203 assertions, 0 failures, 0 errors
/home/vagrant/.rvm/rubies/ruby-1.8.7-p352/bin/ruby -Itest test/cases/associations/eager_load_includes_full_sti_class_test.rb
Using mysql2 with Identity Map on
Loaded suite test/cases/associations/eager_load_includes_full_sti_class_test
Started
.
Finished in 0.066171 seconds.

1 tests, 2 assertions, 0 failures, 0 errors
/home/vagrant/.rvm/rubies/ruby-1.8.7-p352/bin/ruby -Itest test/cases/associations/cascaded_eager_loading_test.rb
Using mysql2 with Identity Map on
Loaded suite test/cases/associations/cascaded_eager_loading_test
Started
....................
Finished in 1.050761 seconds.

20 tests, 59 assertions, 0 failures, 0 errors
/home/vagrant/.rvm/rubies/ruby-1.8.7-p352/bin/ruby -Itest test/cases/associations/callbacks_test.rb
Using mysql2 with Identity Map on
Loaded suite test/cases/associations/callbacks_test
Started
...............
Finished in 0.515604 seconds.

15 tests, 54 assertions, 0 failures, 0 errors
/home/vagrant/.rvm/rubies/ruby-1.8.7-p352/bin/ruby -Itest test/cases/associations/belongs_to_associations_test.rb
Using mysql2 with Identity Map on
Loaded suite test/cases/associations/belongs_to_associations_test
Started
..................................................................
Finished in 1.868585 seconds.

66 tests, 160 assertions, 0 failures, 0 errors
/home/vagrant/.rvm/rubies/ruby-1.8.7-p352/bin/ruby -Itest test/cases/ar_schema_test.rb
Using mysql2 with Identity Map on
Loaded suite test/cases/ar_schema_test
Started
-- create_table(:fruits)
   -> 0.0162s
-- initialize_schema_migrations_table()
   -> 0.0012s
-- assume_migrated_upto_version(7, ["db/migrate"])
   -> 0.0054s
.-- create_table(:vegetables)
.
Finished in 0.036494 seconds.

2 tests, 4 assertions, 0 failures, 0 errors
/home/vagrant/.rvm/rubies/ruby-1.8.7-p352/bin/ruby -Itest test/cases/aggregations_test.rb
Using mysql2 with Identity Map on
Loaded suite test/cases/aggregations_test
Started
..................
Finished in 0.21852 seconds.

18 tests, 35 assertions, 0 failures, 0 errors
/home/vagrant/.rvm/rubies/ruby-1.8.7-p352/bin/ruby -Itest test/cases/adapter_test.rb
Using mysql2 with Identity Map on
Loaded suite test/cases/adapter_test
Started
.......
Finished in 0.263789 seconds.

7 tests, 17 assertions, 0 failures, 0 errors
/home/vagrant/.rvm/rubies/ruby-1.8.7-p352/bin/ruby -Itest test/cases/adapters/mysql2/schema_test.rb
Using mysql2 with Identity Map on
Loaded suite test/cases/adapters/mysql2/schema_test
Started
...
Finished in 0.112871 seconds.

3 tests, 3 assertions, 0 failures, 0 errors
/home/vagrant/.rvm/rubies/ruby-1.8.7-p352/bin/ruby -Itest test/cases/adapters/mysql2/reserved_word_test.rb
Using mysql2 with Identity Map on
Loaded suite test/cases/adapters/mysql2/reserved_word_test
Started
............
Finished in 3.592919 seconds.

12 tests, 25 assertions, 0 failures, 0 errors
/home/vagrant/.rvm/rubies/ruby-1.8.7-p352/bin/ruby -Itest test/cases/adapters/mysql2/connection_test.rb
Using mysql2 with Identity Map on
Loaded suite test/cases/adapters/mysql2/connection_test
Started
...
Finished in 6.012584 seconds.

3 tests, 6 assertions, 0 failures, 0 errors
/home/vagrant/.rvm/rubies/ruby-1.8.7-p352/bin/ruby -Itest test/cases/adapters/mysql2/bind_parameter_test.rb
Using mysql2 with Identity Map on
Loaded suite test/cases/adapters/mysql2/bind_parameter_test
Started
....
Finished in 0.175157 seconds.

4 tests, 8 assertions, 0 failures, 0 errors
/home/vagrant/.rvm/rubies/ruby-1.8.7-p352/bin/ruby -Itest test/cases/adapters/mysql2/active_schema_test.rb
Using mysql2 with Identity Map on
Loaded suite test/cases/adapters/mysql2/active_schema_test
Started
.........
Finished in 0.642226 seconds.

9 tests, 17 assertions, 0 failures, 0 errors
Rails build finished sucessfully

Done. Build script exited with: 0

